<?xml version="1.0" encoding="UTF-8"?>
<!-- Generated by org.testng.reporters.JUnitReportReporter -->
<testsuite skipped="0" hostname="DESKTOP-545U1TT" name="com.training.sanity.tests.LoginEditProfile" tests="1" failures="0" timestamp="2020-08-20T22:37:39 EDT" time="17.767" errors="0">
  <testcase name="validLoginTest" time="17.767" classname="com.training.sanity.tests.LoginEditProfile"/>
  <system-out/>
</testsuite> <!-- com.training.sanity.tests.LoginEditProfile -->
