<?xml version="1.0" encoding="UTF-8"?>
<!-- Generated by org.testng.reporters.JUnitReportReporter -->
<testsuite skipped="0" hostname="DESKTOP-545U1TT" name="com.training.sanity.tests.AddUserCourse" tests="1" failures="0" timestamp="2020-08-28T22:06:15 EDT" time="40.949" errors="0">
  <testcase name="validLoginTest" time="40.949" classname="com.training.sanity.tests.AddUserCourse"/>
  <system-out/>
</testsuite> <!-- com.training.sanity.tests.AddUserCourse -->
