<?xml version="1.0" encoding="UTF-8"?>
<!-- Generated by org.testng.reporters.JUnitReportReporter -->
<testsuite skipped="0" hostname="DESKTOP-545U1TT" name="com.training.sanity.tests.EnterAdminTest" tests="1" failures="0" timestamp="2020-08-20T23:14:03 EDT" time="48.556" errors="0">
  <testcase name="validLoginTest" time="48.556" classname="com.training.sanity.tests.EnterAdminTest"/>
  <system-out/>
</testsuite> <!-- com.training.sanity.tests.EnterAdminTest -->
