<?xml version="1.0" encoding="UTF-8"?>
<!-- Generated by org.testng.reporters.JUnitReportReporter -->
<testsuite skipped="0" hostname="DESKTOP-545U1TT" name="com.training.sanity.tests.LoginTests" tests="1" failures="0" timestamp="2020-08-23T22:37:56 EDT" time="31.378" errors="0">
  <testcase name="validLoginTest" time="31.378" classname="com.training.sanity.tests.LoginTests"/>
  <system-out/>
</testsuite> <!-- com.training.sanity.tests.LoginTests -->
