<?xml version="1.0" encoding="UTF-8"?>
<!-- Generated by org.testng.reporters.JUnitReportReporter -->
<testsuite skipped="0" hostname="DESKTOP-545U1TT" name="com.training.sanity.tests.SearchCourse" tests="1" failures="0" timestamp="2020-08-25T22:54:45 EDT" time="58.384" errors="0">
  <testcase name="validLoginTest" time="58.384" classname="com.training.sanity.tests.SearchCourse"/>
  <system-out/>
</testsuite> <!-- com.training.sanity.tests.SearchCourse -->
